2025-02-19 19:21:27,006 [Worker-6: Loading available Gradle versions] INFO  o.e.b.c.i.u.g.PublishedGradleVersions - Gradle version information cache is not available. Remote download required.
2025-02-19 19:32:34,246 [Worker-10: Import Getting Started Content] INFO  o.e.m.c.i.l.LifecycleMappingFactory - Using org.eclipse.m2e.jdt.JarLifecycleMapping lifecycle mapping for MavenProject: com.bd.hospital:LPII_T3_RiosBenitesMario:0.0.1-SNAPSHOT @ C:\Users\merb0\OneDrive\Documents\Cibertec\4to ciclo\LENGUAJE DE PROGRAMACION II\T3\LPII_T3_RiosBenitesMario\pom.xml.
2025-02-19 19:32:36,783 [Worker-10: Import Getting Started Content] INFO  o.e.m.j.i.AbstractJavaProjectConfigurator - Adding source folder /LPII_T3_RiosBenitesMario/src/main/java
2025-02-19 19:32:36,785 [Worker-10: Import Getting Started Content] INFO  o.e.m.j.i.AbstractJavaProjectConfigurator - Adding resource folder /LPII_T3_RiosBenitesMario/src/main/resources
2025-02-19 19:32:36,793 [Worker-10: Import Getting Started Content] INFO  o.e.m.j.i.AbstractJavaProjectConfigurator - Adding resource folder /LPII_T3_RiosBenitesMario/src/main/resources
2025-02-19 19:32:36,800 [Worker-10: Import Getting Started Content] INFO  o.e.m.j.i.AbstractJavaProjectConfigurator - Adding source folder /LPII_T3_RiosBenitesMario/src/test/java
2025-02-19 19:32:36,801 [Worker-10: Import Getting Started Content] INFO  o.e.m.j.i.AbstractJavaProjectConfigurator - Adding resource folder /LPII_T3_RiosBenitesMario/src/test/resources
2025-02-19 19:32:38,807 [Worker-10: Import Getting Started Content] INFO  o.e.m.c.i.p.ProjectConfigurationManager - Imported and configured 1 project(s) in 7 sec
2025-02-19 19:32:38,809 [Worker-10: Import Getting Started Content] INFO  o.e.m.c.i.p.ProjectConfigurationManager - Update started
2025-02-19 19:32:39,076 [Worker-10: Import Getting Started Content] INFO  o.e.m.c.i.l.LifecycleMappingFactory - Using org.eclipse.m2e.jdt.JarLifecycleMapping lifecycle mapping for MavenProject: com.bd.hospital:LPII_T3_RiosBenitesMario:0.0.1-SNAPSHOT @ C:\Users\merb0\OneDrive\Documents\Cibertec\4to ciclo\LENGUAJE DE PROGRAMACION II\T3\LPII_T3_RiosBenitesMario\pom.xml.
2025-02-19 19:32:39,604 [Worker-10: Import Getting Started Content] INFO  o.e.m.j.i.AbstractJavaProjectConfigurator - Adding source folder /LPII_T3_RiosBenitesMario/src/main/java
2025-02-19 19:32:39,605 [Worker-10: Import Getting Started Content] INFO  o.e.m.j.i.AbstractJavaProjectConfigurator - Adding resource folder /LPII_T3_RiosBenitesMario/src/main/resources
2025-02-19 19:32:39,606 [Worker-10: Import Getting Started Content] INFO  o.e.m.j.i.AbstractJavaProjectConfigurator - Adding resource folder /LPII_T3_RiosBenitesMario/src/main/resources
2025-02-19 19:32:39,607 [Worker-10: Import Getting Started Content] INFO  o.e.m.j.i.AbstractJavaProjectConfigurator - Adding source folder /LPII_T3_RiosBenitesMario/src/test/java
2025-02-19 19:32:39,608 [Worker-10: Import Getting Started Content] INFO  o.e.m.j.i.AbstractJavaProjectConfigurator - Adding resource folder /LPII_T3_RiosBenitesMario/src/test/resources
2025-02-19 19:32:40,082 [Worker-10: Import Getting Started Content] INFO  o.e.m.c.i.p.ProjectConfigurationManager - Update completed for 1 poms: local refresh takes 0.00 sec, refresh facades takes 0.00 sec, update config takes 0.00 sec 
2025-02-19 19:32:40,645 [Worker-12: Building] INFO  o.a.m.s.f.DefaultMavenResourcesFiltering - Copying 1 resource from src\main\resources to target\classes
2025-02-19 19:32:40,657 [Worker-12: Building] INFO  o.a.m.s.f.DefaultMavenResourcesFiltering - Copying 0 resource from src\main\resources to target\classes
2025-02-19 19:32:40,662 [Worker-12: Building] INFO  o.a.m.s.f.DefaultMavenResourcesFiltering - skip non existing resourceDirectory C:\Users\merb0\OneDrive\Documents\Cibertec\4to ciclo\LENGUAJE DE PROGRAMACION II\T3\LPII_T3_RiosBenitesMario\src\test\resources
2025-02-19 19:38:54,556 [Worker-14: Building] INFO  o.a.m.s.f.DefaultMavenResourcesFiltering - Copying 1 resource from src\main\resources to target\classes
2025-02-19 19:38:54,560 [Worker-14: Building] INFO  o.a.m.s.f.DefaultMavenResourcesFiltering - Copying 0 resource from src\main\resources to target\classes
2025-02-19 19:38:54,564 [Worker-14: Building] INFO  o.a.m.s.f.DefaultMavenResourcesFiltering - skip non existing resourceDirectory C:\Users\merb0\OneDrive\Documents\Cibertec\4to ciclo\LENGUAJE DE PROGRAMACION II\T3\LPII_T3_RiosBenitesMario\src\test\resources
2025-02-19 19:47:34,706 [Worker-15: Building] INFO  o.a.m.s.f.DefaultMavenResourcesFiltering - Copying 1 resource from src\main\resources to target\classes
2025-02-19 19:47:34,709 [Worker-15: Building] INFO  o.a.m.s.f.DefaultMavenResourcesFiltering - Copying 0 resource from src\main\resources to target\classes
2025-02-19 19:47:34,712 [Worker-15: Building] INFO  o.a.m.s.f.DefaultMavenResourcesFiltering - skip non existing resourceDirectory C:\Users\merb0\OneDrive\Documents\Cibertec\4to ciclo\LENGUAJE DE PROGRAMACION II\T3\LPII_T3_RiosBenitesMario\src\test\resources
2025-02-19 20:00:26,235 [Worker-17: Building] INFO  o.a.m.s.f.DefaultMavenResourcesFiltering - Copying 1 resource from src\main\resources to target\classes
2025-02-19 20:00:26,240 [Worker-17: Building] INFO  o.a.m.s.f.DefaultMavenResourcesFiltering - Copying 0 resource from src\main\resources to target\classes
2025-02-19 20:00:26,243 [Worker-17: Building] INFO  o.a.m.s.f.DefaultMavenResourcesFiltering - skip non existing resourceDirectory C:\Users\merb0\OneDrive\Documents\Cibertec\4to ciclo\LENGUAJE DE PROGRAMACION II\T3\LPII_T3_RiosBenitesMario\src\test\resources
2025-02-19 20:01:21,789 [Worker-17: Building] INFO  o.a.m.s.f.DefaultMavenResourcesFiltering - Copying 1 resource from src\main\resources to target\classes
2025-02-19 20:01:21,793 [Worker-17: Building] INFO  o.a.m.s.f.DefaultMavenResourcesFiltering - Copying 0 resource from src\main\resources to target\classes
2025-02-19 20:01:21,796 [Worker-17: Building] INFO  o.a.m.s.f.DefaultMavenResourcesFiltering - skip non existing resourceDirectory C:\Users\merb0\OneDrive\Documents\Cibertec\4to ciclo\LENGUAJE DE PROGRAMACION II\T3\LPII_T3_RiosBenitesMario\src\test\resources
2025-02-19 20:02:38,686 [Worker-21: Building] INFO  o.a.m.s.f.DefaultMavenResourcesFiltering - Copying 1 resource from src\main\resources to target\classes
2025-02-19 20:02:38,690 [Worker-21: Building] INFO  o.a.m.s.f.DefaultMavenResourcesFiltering - Copying 0 resource from src\main\resources to target\classes
2025-02-19 20:02:38,693 [Worker-21: Building] INFO  o.a.m.s.f.DefaultMavenResourcesFiltering - skip non existing resourceDirectory C:\Users\merb0\OneDrive\Documents\Cibertec\4to ciclo\LENGUAJE DE PROGRAMACION II\T3\LPII_T3_RiosBenitesMario\src\test\resources
2025-02-19 20:04:03,609 [Worker-17: Building] INFO  o.a.m.s.f.DefaultMavenResourcesFiltering - Copying 1 resource from src\main\resources to target\classes
2025-02-19 20:04:03,613 [Worker-17: Building] INFO  o.a.m.s.f.DefaultMavenResourcesFiltering - Copying 0 resource from src\main\resources to target\classes
2025-02-19 20:04:03,615 [Worker-17: Building] INFO  o.a.m.s.f.DefaultMavenResourcesFiltering - skip non existing resourceDirectory C:\Users\merb0\OneDrive\Documents\Cibertec\4to ciclo\LENGUAJE DE PROGRAMACION II\T3\LPII_T3_RiosBenitesMario\src\test\resources
2025-02-19 20:05:57,392 [Worker-17: Building] INFO  o.a.m.s.f.DefaultMavenResourcesFiltering - Copying 1 resource from src\main\resources to target\classes
2025-02-19 20:05:57,397 [Worker-17: Building] INFO  o.a.m.s.f.DefaultMavenResourcesFiltering - Copying 0 resource from src\main\resources to target\classes
2025-02-19 20:05:57,399 [Worker-17: Building] INFO  o.a.m.s.f.DefaultMavenResourcesFiltering - skip non existing resourceDirectory C:\Users\merb0\OneDrive\Documents\Cibertec\4to ciclo\LENGUAJE DE PROGRAMACION II\T3\LPII_T3_RiosBenitesMario\src\test\resources
2025-02-19 20:06:12,962 [Worker-17: Building] INFO  o.a.m.s.f.DefaultMavenResourcesFiltering - Copying 1 resource from src\main\resources to target\classes
2025-02-19 20:06:12,965 [Worker-17: Building] INFO  o.a.m.s.f.DefaultMavenResourcesFiltering - Copying 0 resource from src\main\resources to target\classes
2025-02-19 20:06:12,969 [Worker-17: Building] INFO  o.a.m.s.f.DefaultMavenResourcesFiltering - skip non existing resourceDirectory C:\Users\merb0\OneDrive\Documents\Cibertec\4to ciclo\LENGUAJE DE PROGRAMACION II\T3\LPII_T3_RiosBenitesMario\src\test\resources
2025-02-19 20:19:13,425 [Worker-21: Building] INFO  o.a.m.s.f.DefaultMavenResourcesFiltering - Copying 1 resource from src\main\resources to target\classes
2025-02-19 20:19:13,434 [Worker-21: Building] INFO  o.a.m.s.f.DefaultMavenResourcesFiltering - Copying 0 resource from src\main\resources to target\classes
2025-02-19 20:19:13,437 [Worker-21: Building] INFO  o.a.m.s.f.DefaultMavenResourcesFiltering - skip non existing resourceDirectory C:\Users\merb0\OneDrive\Documents\Cibertec\4to ciclo\LENGUAJE DE PROGRAMACION II\T3\LPII_T3_RiosBenitesMario\src\test\resources
2025-02-19 20:32:57,905 [Worker-21: Building] INFO  o.a.m.s.f.DefaultMavenResourcesFiltering - Copying 1 resource from src\main\resources to target\classes
2025-02-19 20:32:57,907 [Worker-21: Building] INFO  o.a.m.s.f.DefaultMavenResourcesFiltering - Copying 0 resource from src\main\resources to target\classes
2025-02-19 20:32:57,910 [Worker-21: Building] INFO  o.a.m.s.f.DefaultMavenResourcesFiltering - skip non existing resourceDirectory C:\Users\merb0\OneDrive\Documents\Cibertec\4to ciclo\LENGUAJE DE PROGRAMACION II\T3\LPII_T3_RiosBenitesMario\src\test\resources
2025-02-19 20:42:36,244 [Worker-23: Building] INFO  o.a.m.s.f.DefaultMavenResourcesFiltering - Copying 1 resource from src\main\resources to target\classes
2025-02-19 20:42:36,249 [Worker-23: Building] INFO  o.a.m.s.f.DefaultMavenResourcesFiltering - Copying 0 resource from src\main\resources to target\classes
2025-02-19 20:42:36,252 [Worker-23: Building] INFO  o.a.m.s.f.DefaultMavenResourcesFiltering - skip non existing resourceDirectory C:\Users\merb0\OneDrive\Documents\Cibertec\4to ciclo\LENGUAJE DE PROGRAMACION II\T3\LPII_T3_RiosBenitesMario\src\test\resources
2025-02-19 20:44:34,444 [Worker-27: Building] INFO  o.a.m.s.f.DefaultMavenResourcesFiltering - Copying 0 resource from src\main\resources to target\classes
2025-02-19 20:44:34,445 [Worker-27: Building] INFO  o.a.m.s.f.DefaultMavenResourcesFiltering - Copying 1 resource from src\main\resources to target\classes
2025-02-19 20:44:34,451 [Worker-27: Building] INFO  o.a.m.s.f.DefaultMavenResourcesFiltering - skip non existing resourceDirectory C:\Users\merb0\OneDrive\Documents\Cibertec\4to ciclo\LENGUAJE DE PROGRAMACION II\T3\LPII_T3_RiosBenitesMario\src\test\resources
2025-02-19 20:45:21,703 [Worker-24: Building] INFO  o.a.m.s.f.DefaultMavenResourcesFiltering - Copying 0 resource from src\main\resources to target\classes
2025-02-19 20:45:21,704 [Worker-24: Building] INFO  o.a.m.s.f.DefaultMavenResourcesFiltering - Copying 1 resource from src\main\resources to target\classes
2025-02-19 20:45:21,708 [Worker-24: Building] INFO  o.a.m.s.f.DefaultMavenResourcesFiltering - skip non existing resourceDirectory C:\Users\merb0\OneDrive\Documents\Cibertec\4to ciclo\LENGUAJE DE PROGRAMACION II\T3\LPII_T3_RiosBenitesMario\src\test\resources
2025-02-19 21:15:35,017 [Worker-6: Loading available Gradle versions] INFO  o.e.b.c.i.u.g.PublishedGradleVersions - Gradle version information cache is up-to-date. Trying to read.
2025-02-19 21:19:52,005 [Worker-10: Building] INFO  o.a.m.s.f.DefaultMavenResourcesFiltering - Copying 1 resource from src\main\resources to target\classes
2025-02-19 21:19:52,015 [Worker-10: Building] INFO  o.a.m.s.f.DefaultMavenResourcesFiltering - Copying 2 resources from src\main\resources to target\classes
2025-02-19 21:19:52,022 [Worker-10: Building] INFO  o.a.m.s.f.DefaultMavenResourcesFiltering - skip non existing resourceDirectory C:\Users\merb0\OneDrive\Documents\Cibertec\4to ciclo\LENGUAJE DE PROGRAMACION II\T3\LPII_T3_RiosBenitesMario\src\test\resources
2025-02-19 21:26:42,113 [Worker-9: Building] INFO  o.a.m.s.f.DefaultMavenResourcesFiltering - Copying 0 resource from src\main\resources to target\classes
2025-02-19 21:26:42,115 [Worker-9: Building] INFO  o.a.m.s.f.DefaultMavenResourcesFiltering - Copying 1 resource from src\main\resources to target\classes
2025-02-19 21:26:42,118 [Worker-9: Building] INFO  o.a.m.s.f.DefaultMavenResourcesFiltering - skip non existing resourceDirectory C:\Users\merb0\OneDrive\Documents\Cibertec\4to ciclo\LENGUAJE DE PROGRAMACION II\T3\LPII_T3_RiosBenitesMario\src\test\resources
2025-02-19 21:56:09,699 [Worker-16: Building] INFO  o.a.m.s.f.DefaultMavenResourcesFiltering - Copying 0 resource from src\main\resources to target\classes
2025-02-19 21:56:09,701 [Worker-16: Building] INFO  o.a.m.s.f.DefaultMavenResourcesFiltering - Copying 1 resource from src\main\resources to target\classes
2025-02-19 21:56:09,705 [Worker-16: Building] INFO  o.a.m.s.f.DefaultMavenResourcesFiltering - skip non existing resourceDirectory C:\Users\merb0\OneDrive\Documents\Cibertec\4to ciclo\LENGUAJE DE PROGRAMACION II\T3\LPII_T3_RiosBenitesMario\src\test\resources
2025-02-19 21:57:06,107 [Worker-5: Building] INFO  o.a.m.s.f.DefaultMavenResourcesFiltering - Copying 0 resource from src\main\resources to target\classes
2025-02-19 21:57:06,108 [Worker-5: Building] INFO  o.a.m.s.f.DefaultMavenResourcesFiltering - Copying 1 resource from src\main\resources to target\classes
2025-02-19 21:57:06,111 [Worker-5: Building] INFO  o.a.m.s.f.DefaultMavenResourcesFiltering - skip non existing resourceDirectory C:\Users\merb0\OneDrive\Documents\Cibertec\4to ciclo\LENGUAJE DE PROGRAMACION II\T3\LPII_T3_RiosBenitesMario\src\test\resources
2025-02-19 21:59:17,992 [Worker-18: Building] INFO  o.e.m.c.i.l.LifecycleMappingFactory - Using org.eclipse.m2e.jdt.JarLifecycleMapping lifecycle mapping for MavenProject: com.bd:ProyectoSpringBDSabadoDic2024:0.0.1-SNAPSHOT @ C:\Users\merb0\OneDrive\Documents\Cibertec\4to ciclo\LENGUAJE DE PROGRAMACION II\T3\LPII_T3_RiosBenitesMario\pom.xml.
2025-02-19 21:59:18,393 [Worker-18: Building] INFO  o.a.m.s.f.DefaultMavenResourcesFiltering - Copying 0 resource from src\main\resources to target\classes
2025-02-19 21:59:18,394 [Worker-18: Building] INFO  o.a.m.s.f.DefaultMavenResourcesFiltering - Copying 0 resource from src\main\resources to target\classes
2025-02-19 21:59:18,398 [Worker-18: Building] INFO  o.a.m.s.f.DefaultMavenResourcesFiltering - skip non existing resourceDirectory C:\Users\merb0\OneDrive\Documents\Cibertec\4to ciclo\LENGUAJE DE PROGRAMACION II\T3\LPII_T3_RiosBenitesMario\src\test\resources
2025-02-19 21:59:18,767 [Worker-22: Updating Maven Project] INFO  o.e.m.c.i.p.ProjectConfigurationManager - Update started
2025-02-19 21:59:19,082 [Worker-22: Updating Maven Project] INFO  o.e.m.c.i.l.LifecycleMappingFactory - Using org.eclipse.m2e.jdt.JarLifecycleMapping lifecycle mapping for MavenProject: com.bd:ProyectoSpringBDSabadoDic2024:0.0.1-SNAPSHOT @ C:\Users\merb0\OneDrive\Documents\Cibertec\4to ciclo\LENGUAJE DE PROGRAMACION II\T3\LPII_T3_RiosBenitesMario\pom.xml.
2025-02-19 21:59:19,713 [Worker-22: Updating Maven Project] INFO  o.e.m.j.i.AbstractJavaProjectConfigurator - Adding source folder /LPII_T3_RiosBenitesMario/src/main/java
2025-02-19 21:59:19,715 [Worker-22: Updating Maven Project] INFO  o.e.m.j.i.AbstractJavaProjectConfigurator - Adding resource folder /LPII_T3_RiosBenitesMario/src/main/resources
2025-02-19 21:59:19,716 [Worker-22: Updating Maven Project] INFO  o.e.m.j.i.AbstractJavaProjectConfigurator - Adding resource folder /LPII_T3_RiosBenitesMario/src/main/resources
2025-02-19 21:59:19,717 [Worker-22: Updating Maven Project] INFO  o.e.m.j.i.AbstractJavaProjectConfigurator - Adding source folder /LPII_T3_RiosBenitesMario/src/test/java
2025-02-19 21:59:19,717 [Worker-22: Updating Maven Project] INFO  o.e.m.j.i.AbstractJavaProjectConfigurator - Adding resource folder /LPII_T3_RiosBenitesMario/src/test/resources
2025-02-19 21:59:20,098 [Worker-22: Updating Maven Project] INFO  o.e.m.c.i.p.ProjectConfigurationManager - Update completed for 1 poms: local refresh takes 0.00 sec, refresh facades takes 0.00 sec, update config takes 0.00 sec 
2025-02-19 21:59:20,423 [Worker-22: Building] INFO  o.a.m.s.f.DefaultMavenResourcesFiltering - Copying 1 resource from src\main\resources to target\classes
2025-02-19 21:59:20,433 [Worker-22: Building] INFO  o.a.m.s.f.DefaultMavenResourcesFiltering - Copying 2 resources from src\main\resources to target\classes
2025-02-19 21:59:20,441 [Worker-22: Building] INFO  o.a.m.s.f.DefaultMavenResourcesFiltering - skip non existing resourceDirectory C:\Users\merb0\OneDrive\Documents\Cibertec\4to ciclo\LENGUAJE DE PROGRAMACION II\T3\LPII_T3_RiosBenitesMario\src\test\resources
2025-02-19 22:03:09,355 [Worker-5: Building] INFO  o.a.m.s.f.DefaultMavenResourcesFiltering - Copying 1 resource from src\main\resources to target\classes
2025-02-19 22:03:09,360 [Worker-5: Building] INFO  o.a.m.s.f.DefaultMavenResourcesFiltering - Copying 0 resource from src\main\resources to target\classes
2025-02-19 22:03:09,363 [Worker-5: Building] INFO  o.a.m.s.f.DefaultMavenResourcesFiltering - skip non existing resourceDirectory C:\Users\merb0\OneDrive\Documents\Cibertec\4to ciclo\LENGUAJE DE PROGRAMACION II\T3\LPII_T3_RiosBenitesMario\src\test\resources
2025-02-19 22:03:24,936 [Worker-23: Building] INFO  o.e.m.c.i.l.LifecycleMappingFactory - Using org.eclipse.m2e.jdt.JarLifecycleMapping lifecycle mapping for MavenProject: com.bd:ProyectoSpringBDSabadoDic2024:0.0.1-SNAPSHOT @ C:\Users\merb0\OneDrive\Documents\Cibertec\4to ciclo\LENGUAJE DE PROGRAMACION II\T3\LPII_T3_RiosBenitesMario\pom.xml.
2025-02-19 22:03:25,376 [Worker-23: Building] INFO  o.a.m.s.f.DefaultMavenResourcesFiltering - Copying 1 resource from src\main\resources to target\classes
2025-02-19 22:03:25,383 [Worker-23: Building] INFO  o.a.m.s.f.DefaultMavenResourcesFiltering - Copying 2 resources from src\main\resources to target\classes
2025-02-19 22:03:25,388 [Worker-23: Building] INFO  o.a.m.s.f.DefaultMavenResourcesFiltering - skip non existing resourceDirectory C:\Users\merb0\OneDrive\Documents\Cibertec\4to ciclo\LENGUAJE DE PROGRAMACION II\T3\LPII_T3_RiosBenitesMario\src\test\resources
2025-02-19 22:13:24,666 [Worker-20: Building] INFO  o.a.m.s.f.DefaultMavenResourcesFiltering - Copying 0 resource from src\main\resources to target\classes
2025-02-19 22:13:24,667 [Worker-20: Building] INFO  o.a.m.s.f.DefaultMavenResourcesFiltering - Copying 1 resource from src\main\resources to target\classes
2025-02-19 22:13:24,671 [Worker-20: Building] INFO  o.a.m.s.f.DefaultMavenResourcesFiltering - skip non existing resourceDirectory C:\Users\merb0\OneDrive\Documents\Cibertec\4to ciclo\LENGUAJE DE PROGRAMACION II\T3\LPII_T3_RiosBenitesMario\src\test\resources
2025-02-19 22:13:30,401 [Worker-29: Launching LPII_T3_RiosBenitesMario - LpiiT3RiosBenitesMarioApplication] INFO  o.a.m.s.f.DefaultMavenResourcesFiltering - Copying 0 resource from src\main\resources to target\classes
2025-02-19 22:13:30,402 [Worker-29: Launching LPII_T3_RiosBenitesMario - LpiiT3RiosBenitesMarioApplication] INFO  o.a.m.s.f.DefaultMavenResourcesFiltering - Copying 1 resource from src\main\resources to target\classes
2025-02-19 22:13:30,406 [Worker-29: Launching LPII_T3_RiosBenitesMario - LpiiT3RiosBenitesMarioApplication] INFO  o.a.m.s.f.DefaultMavenResourcesFiltering - skip non existing resourceDirectory C:\Users\merb0\OneDrive\Documents\Cibertec\4to ciclo\LENGUAJE DE PROGRAMACION II\T3\LPII_T3_RiosBenitesMario\src\test\resources
2025-02-19 22:18:28,955 [Worker-19: Building] INFO  o.a.m.s.f.DefaultMavenResourcesFiltering - Copying 0 resource from src\main\resources to target\classes
2025-02-19 22:18:28,957 [Worker-19: Building] INFO  o.a.m.s.f.DefaultMavenResourcesFiltering - Copying 1 resource from src\main\resources to target\classes
2025-02-19 22:18:28,960 [Worker-19: Building] INFO  o.a.m.s.f.DefaultMavenResourcesFiltering - skip non existing resourceDirectory C:\Users\merb0\OneDrive\Documents\Cibertec\4to ciclo\LENGUAJE DE PROGRAMACION II\T3\LPII_T3_RiosBenitesMario\src\test\resources
2025-02-19 22:59:54,012 [Worker-32: Building] INFO  o.a.m.s.f.DefaultMavenResourcesFiltering - Copying 0 resource from src\main\resources to target\classes
2025-02-19 22:59:54,014 [Worker-32: Building] INFO  o.a.m.s.f.DefaultMavenResourcesFiltering - Copying 1 resource from src\main\resources to target\classes
2025-02-19 22:59:54,017 [Worker-32: Building] INFO  o.a.m.s.f.DefaultMavenResourcesFiltering - skip non existing resourceDirectory C:\Users\merb0\OneDrive\Documents\Cibertec\4to ciclo\LENGUAJE DE PROGRAMACION II\T3\LPII_T3_RiosBenitesMario\src\test\resources
2025-02-19 23:00:01,722 [Worker-31: Launching LPII_T3_RiosBenitesMario - LpiiT3RiosBenitesMarioApplication] INFO  o.a.m.s.f.DefaultMavenResourcesFiltering - Copying 1 resource from src\main\resources to target\classes
2025-02-19 23:00:01,726 [Worker-31: Launching LPII_T3_RiosBenitesMario - LpiiT3RiosBenitesMarioApplication] INFO  o.a.m.s.f.DefaultMavenResourcesFiltering - Copying 2 resources from src\main\resources to target\classes
2025-02-19 23:00:01,730 [Worker-31: Launching LPII_T3_RiosBenitesMario - LpiiT3RiosBenitesMarioApplication] INFO  o.a.m.s.f.DefaultMavenResourcesFiltering - skip non existing resourceDirectory C:\Users\merb0\OneDrive\Documents\Cibertec\4to ciclo\LENGUAJE DE PROGRAMACION II\T3\LPII_T3_RiosBenitesMario\src\test\resources
2025-02-19 23:03:27,400 [Worker-31: Building] INFO  o.a.m.s.f.DefaultMavenResourcesFiltering - Copying 0 resource from src\main\resources to target\classes
2025-02-19 23:03:27,401 [Worker-31: Building] INFO  o.a.m.s.f.DefaultMavenResourcesFiltering - Copying 1 resource from src\main\resources to target\classes
2025-02-19 23:03:27,405 [Worker-31: Building] INFO  o.a.m.s.f.DefaultMavenResourcesFiltering - skip non existing resourceDirectory C:\Users\merb0\OneDrive\Documents\Cibertec\4to ciclo\LENGUAJE DE PROGRAMACION II\T3\LPII_T3_RiosBenitesMario\src\test\resources
2025-02-19 23:08:14,639 [Worker-38: Building] INFO  o.a.m.s.f.DefaultMavenResourcesFiltering - Copying 0 resource from src\main\resources to target\classes
2025-02-19 23:08:14,640 [Worker-38: Building] INFO  o.a.m.s.f.DefaultMavenResourcesFiltering - Copying 1 resource from src\main\resources to target\classes
2025-02-19 23:08:14,643 [Worker-38: Building] INFO  o.a.m.s.f.DefaultMavenResourcesFiltering - skip non existing resourceDirectory C:\Users\merb0\OneDrive\Documents\Cibertec\4to ciclo\LENGUAJE DE PROGRAMACION II\T3\LPII_T3_RiosBenitesMario\src\test\resources
2025-02-19 23:10:28,008 [Worker-30: Launching LPII_T3_RiosBenitesMario - LpiiT3RiosBenitesMarioApplication] INFO  o.a.m.s.f.DefaultMavenResourcesFiltering - Copying 0 resource from src\main\resources to target\classes
2025-02-19 23:10:28,010 [Worker-30: Launching LPII_T3_RiosBenitesMario - LpiiT3RiosBenitesMarioApplication] INFO  o.a.m.s.f.DefaultMavenResourcesFiltering - Copying 1 resource from src\main\resources to target\classes
2025-02-19 23:10:28,013 [Worker-30: Launching LPII_T3_RiosBenitesMario - LpiiT3RiosBenitesMarioApplication] INFO  o.a.m.s.f.DefaultMavenResourcesFiltering - skip non existing resourceDirectory C:\Users\merb0\OneDrive\Documents\Cibertec\4to ciclo\LENGUAJE DE PROGRAMACION II\T3\LPII_T3_RiosBenitesMario\src\test\resources
2025-02-19 23:11:28,013 [Worker-32: Building] INFO  o.a.m.s.f.DefaultMavenResourcesFiltering - Copying 1 resource from src\main\resources to target\classes
2025-02-19 23:11:28,017 [Worker-32: Building] INFO  o.a.m.s.f.DefaultMavenResourcesFiltering - Copying 2 resources from src\main\resources to target\classes
2025-02-19 23:11:28,020 [Worker-32: Building] INFO  o.a.m.s.f.DefaultMavenResourcesFiltering - skip non existing resourceDirectory C:\Users\merb0\OneDrive\Documents\Cibertec\4to ciclo\LENGUAJE DE PROGRAMACION II\T3\LPII_T3_RiosBenitesMario\src\test\resources
2025-02-19 23:14:49,379 [Worker-35: Building] INFO  o.a.m.s.f.DefaultMavenResourcesFiltering - Copying 1 resource from src\main\resources to target\classes
2025-02-19 23:14:49,383 [Worker-35: Building] INFO  o.a.m.s.f.DefaultMavenResourcesFiltering - Copying 2 resources from src\main\resources to target\classes
2025-02-19 23:14:49,387 [Worker-35: Building] INFO  o.a.m.s.f.DefaultMavenResourcesFiltering - skip non existing resourceDirectory C:\Users\merb0\OneDrive\Documents\Cibertec\4to ciclo\LENGUAJE DE PROGRAMACION II\T3\LPII_T3_RiosBenitesMario\src\test\resources
2025-02-19 23:16:14,644 [Worker-30: Building] INFO  o.a.m.s.f.DefaultMavenResourcesFiltering - Copying 0 resource from src\main\resources to target\classes
2025-02-19 23:16:14,646 [Worker-30: Building] INFO  o.a.m.s.f.DefaultMavenResourcesFiltering - Copying 1 resource from src\main\resources to target\classes
2025-02-19 23:16:14,649 [Worker-30: Building] INFO  o.a.m.s.f.DefaultMavenResourcesFiltering - skip non existing resourceDirectory C:\Users\merb0\OneDrive\Documents\Cibertec\4to ciclo\LENGUAJE DE PROGRAMACION II\T3\LPII_T3_RiosBenitesMario\src\test\resources
2025-02-19 23:16:50,192 [Worker-31: Building] INFO  o.a.m.s.f.DefaultMavenResourcesFiltering - Copying 0 resource from src\main\resources to target\classes
2025-02-19 23:16:50,193 [Worker-31: Building] INFO  o.a.m.s.f.DefaultMavenResourcesFiltering - Copying 1 resource from src\main\resources to target\classes
2025-02-19 23:16:50,196 [Worker-31: Building] INFO  o.a.m.s.f.DefaultMavenResourcesFiltering - skip non existing resourceDirectory C:\Users\merb0\OneDrive\Documents\Cibertec\4to ciclo\LENGUAJE DE PROGRAMACION II\T3\LPII_T3_RiosBenitesMario\src\test\resources
2025-02-19 23:19:02,594 [Worker-32: Building] INFO  o.a.m.s.f.DefaultMavenResourcesFiltering - Copying 0 resource from src\main\resources to target\classes
2025-02-19 23:19:02,595 [Worker-32: Building] INFO  o.a.m.s.f.DefaultMavenResourcesFiltering - Copying 1 resource from src\main\resources to target\classes
2025-02-19 23:19:02,599 [Worker-32: Building] INFO  o.a.m.s.f.DefaultMavenResourcesFiltering - skip non existing resourceDirectory C:\Users\merb0\OneDrive\Documents\Cibertec\4to ciclo\LENGUAJE DE PROGRAMACION II\T3\LPII_T3_RiosBenitesMario\src\test\resources
2025-02-19 23:19:47,003 [Worker-36: Building] INFO  o.a.m.s.f.DefaultMavenResourcesFiltering - Copying 0 resource from src\main\resources to target\classes
2025-02-19 23:19:47,004 [Worker-36: Building] INFO  o.a.m.s.f.DefaultMavenResourcesFiltering - Copying 1 resource from src\main\resources to target\classes
2025-02-19 23:19:47,008 [Worker-36: Building] INFO  o.a.m.s.f.DefaultMavenResourcesFiltering - skip non existing resourceDirectory C:\Users\merb0\OneDrive\Documents\Cibertec\4to ciclo\LENGUAJE DE PROGRAMACION II\T3\LPII_T3_RiosBenitesMario\src\test\resources
2025-02-19 23:21:33,756 [Worker-35: Building] INFO  o.a.m.s.f.DefaultMavenResourcesFiltering - Copying 0 resource from src\main\resources to target\classes
2025-02-19 23:21:33,758 [Worker-35: Building] INFO  o.a.m.s.f.DefaultMavenResourcesFiltering - Copying 1 resource from src\main\resources to target\classes
2025-02-19 23:21:33,761 [Worker-35: Building] INFO  o.a.m.s.f.DefaultMavenResourcesFiltering - skip non existing resourceDirectory C:\Users\merb0\OneDrive\Documents\Cibertec\4to ciclo\LENGUAJE DE PROGRAMACION II\T3\LPII_T3_RiosBenitesMario\src\test\resources
2025-02-19 23:22:27,339 [Worker-35: Building] INFO  o.a.m.s.f.DefaultMavenResourcesFiltering - Copying 0 resource from src\main\resources to target\classes
2025-02-19 23:22:27,340 [Worker-35: Building] INFO  o.a.m.s.f.DefaultMavenResourcesFiltering - Copying 1 resource from src\main\resources to target\classes
2025-02-19 23:22:27,343 [Worker-35: Building] INFO  o.a.m.s.f.DefaultMavenResourcesFiltering - skip non existing resourceDirectory C:\Users\merb0\OneDrive\Documents\Cibertec\4to ciclo\LENGUAJE DE PROGRAMACION II\T3\LPII_T3_RiosBenitesMario\src\test\resources
2025-02-19 23:23:44,635 [Worker-35: Building] INFO  o.a.m.s.f.DefaultMavenResourcesFiltering - Copying 0 resource from src\main\resources to target\classes
2025-02-19 23:23:44,636 [Worker-35: Building] INFO  o.a.m.s.f.DefaultMavenResourcesFiltering - Copying 1 resource from src\main\resources to target\classes
2025-02-19 23:23:44,639 [Worker-35: Building] INFO  o.a.m.s.f.DefaultMavenResourcesFiltering - skip non existing resourceDirectory C:\Users\merb0\OneDrive\Documents\Cibertec\4to ciclo\LENGUAJE DE PROGRAMACION II\T3\LPII_T3_RiosBenitesMario\src\test\resources
2025-02-19 23:24:07,572 [Worker-39: Building] INFO  o.a.m.s.f.DefaultMavenResourcesFiltering - Copying 0 resource from src\main\resources to target\classes
2025-02-19 23:24:07,573 [Worker-39: Building] INFO  o.a.m.s.f.DefaultMavenResourcesFiltering - Copying 1 resource from src\main\resources to target\classes
2025-02-19 23:24:07,576 [Worker-39: Building] INFO  o.a.m.s.f.DefaultMavenResourcesFiltering - skip non existing resourceDirectory C:\Users\merb0\OneDrive\Documents\Cibertec\4to ciclo\LENGUAJE DE PROGRAMACION II\T3\LPII_T3_RiosBenitesMario\src\test\resources
2025-02-20 00:01:46,518 [Worker-36: Building] INFO  o.a.m.s.f.DefaultMavenResourcesFiltering - Copying 1 resource from src\main\resources to target\classes
2025-02-20 00:01:46,526 [Worker-36: Building] INFO  o.a.m.s.f.DefaultMavenResourcesFiltering - Copying 2 resources from src\main\resources to target\classes
2025-02-20 00:01:46,530 [Worker-36: Building] INFO  o.a.m.s.f.DefaultMavenResourcesFiltering - skip non existing resourceDirectory C:\Users\merb0\OneDrive\Documents\Cibertec\4to ciclo\LENGUAJE DE PROGRAMACION II\T3\LPII_T3_RiosBenitesMario\src\test\resources
2025-02-20 00:05:55,020 [Worker-35: Building] INFO  o.a.m.s.f.DefaultMavenResourcesFiltering - Copying 0 resource from src\main\resources to target\classes
2025-02-20 00:05:55,021 [Worker-35: Building] INFO  o.a.m.s.f.DefaultMavenResourcesFiltering - Copying 1 resource from src\main\resources to target\classes
2025-02-20 00:05:55,025 [Worker-35: Building] INFO  o.a.m.s.f.DefaultMavenResourcesFiltering - skip non existing resourceDirectory C:\Users\merb0\OneDrive\Documents\Cibertec\4to ciclo\LENGUAJE DE PROGRAMACION II\T3\LPII_T3_RiosBenitesMario\src\test\resources
2025-02-20 00:06:01,745 [Worker-39: Launching LPII_T3_RiosBenitesMario - LpiiT3RiosBenitesMarioApplication] INFO  o.a.m.s.f.DefaultMavenResourcesFiltering - Copying 1 resource from src\main\resources to target\classes
2025-02-20 00:06:01,749 [Worker-39: Launching LPII_T3_RiosBenitesMario - LpiiT3RiosBenitesMarioApplication] INFO  o.a.m.s.f.DefaultMavenResourcesFiltering - Copying 2 resources from src\main\resources to target\classes
2025-02-20 00:06:01,752 [Worker-39: Launching LPII_T3_RiosBenitesMario - LpiiT3RiosBenitesMarioApplication] INFO  o.a.m.s.f.DefaultMavenResourcesFiltering - skip non existing resourceDirectory C:\Users\merb0\OneDrive\Documents\Cibertec\4to ciclo\LENGUAJE DE PROGRAMACION II\T3\LPII_T3_RiosBenitesMario\src\test\resources
2025-02-20 00:07:12,951 [Worker-34: Building] INFO  o.a.m.s.f.DefaultMavenResourcesFiltering - Copying 0 resource from src\main\resources to target\classes
2025-02-20 00:07:12,953 [Worker-34: Building] INFO  o.a.m.s.f.DefaultMavenResourcesFiltering - Copying 1 resource from src\main\resources to target\classes
2025-02-20 00:07:12,956 [Worker-34: Building] INFO  o.a.m.s.f.DefaultMavenResourcesFiltering - skip non existing resourceDirectory C:\Users\merb0\OneDrive\Documents\Cibertec\4to ciclo\LENGUAJE DE PROGRAMACION II\T3\LPII_T3_RiosBenitesMario\src\test\resources
2025-02-20 00:08:16,558 [Worker-37: Building] INFO  o.a.m.s.f.DefaultMavenResourcesFiltering - Copying 0 resource from src\main\resources to target\classes
2025-02-20 00:08:16,559 [Worker-37: Building] INFO  o.a.m.s.f.DefaultMavenResourcesFiltering - Copying 1 resource from src\main\resources to target\classes
2025-02-20 00:08:16,563 [Worker-37: Building] INFO  o.a.m.s.f.DefaultMavenResourcesFiltering - skip non existing resourceDirectory C:\Users\merb0\OneDrive\Documents\Cibertec\4to ciclo\LENGUAJE DE PROGRAMACION II\T3\LPII_T3_RiosBenitesMario\src\test\resources
2025-02-20 00:09:34,420 [Worker-36: Building] INFO  o.a.m.s.f.DefaultMavenResourcesFiltering - Copying 0 resource from src\main\resources to target\classes
2025-02-20 00:09:34,421 [Worker-36: Building] INFO  o.a.m.s.f.DefaultMavenResourcesFiltering - Copying 1 resource from src\main\resources to target\classes
2025-02-20 00:09:34,424 [Worker-36: Building] INFO  o.a.m.s.f.DefaultMavenResourcesFiltering - skip non existing resourceDirectory C:\Users\merb0\OneDrive\Documents\Cibertec\4to ciclo\LENGUAJE DE PROGRAMACION II\T3\LPII_T3_RiosBenitesMario\src\test\resources
2025-02-20 00:10:05,938 [Worker-32: Building] INFO  o.a.m.s.f.DefaultMavenResourcesFiltering - Copying 0 resource from src\main\resources to target\classes
2025-02-20 00:10:05,940 [Worker-32: Building] INFO  o.a.m.s.f.DefaultMavenResourcesFiltering - Copying 1 resource from src\main\resources to target\classes
2025-02-20 00:10:05,944 [Worker-32: Building] INFO  o.a.m.s.f.DefaultMavenResourcesFiltering - skip non existing resourceDirectory C:\Users\merb0\OneDrive\Documents\Cibertec\4to ciclo\LENGUAJE DE PROGRAMACION II\T3\LPII_T3_RiosBenitesMario\src\test\resources
2025-02-20 00:13:07,482 [Worker-32: Building] INFO  o.a.m.s.f.DefaultMavenResourcesFiltering - Copying 0 resource from src\main\resources to target\classes
2025-02-20 00:13:07,483 [Worker-32: Building] INFO  o.a.m.s.f.DefaultMavenResourcesFiltering - Copying 1 resource from src\main\resources to target\classes
2025-02-20 00:13:07,487 [Worker-32: Building] INFO  o.a.m.s.f.DefaultMavenResourcesFiltering - skip non existing resourceDirectory C:\Users\merb0\OneDrive\Documents\Cibertec\4to ciclo\LENGUAJE DE PROGRAMACION II\T3\LPII_T3_RiosBenitesMario\src\test\resources
2025-02-20 00:15:02,338 [Worker-32: Building] INFO  o.a.m.s.f.DefaultMavenResourcesFiltering - Copying 0 resource from src\main\resources to target\classes
2025-02-20 00:15:02,340 [Worker-32: Building] INFO  o.a.m.s.f.DefaultMavenResourcesFiltering - Copying 1 resource from src\main\resources to target\classes
2025-02-20 00:15:02,343 [Worker-32: Building] INFO  o.a.m.s.f.DefaultMavenResourcesFiltering - skip non existing resourceDirectory C:\Users\merb0\OneDrive\Documents\Cibertec\4to ciclo\LENGUAJE DE PROGRAMACION II\T3\LPII_T3_RiosBenitesMario\src\test\resources
2025-02-20 00:16:47,892 [Worker-39: Building] INFO  o.a.m.s.f.DefaultMavenResourcesFiltering - Copying 0 resource from src\main\resources to target\classes
2025-02-20 00:16:47,894 [Worker-39: Building] INFO  o.a.m.s.f.DefaultMavenResourcesFiltering - Copying 1 resource from src\main\resources to target\classes
2025-02-20 00:16:47,897 [Worker-39: Building] INFO  o.a.m.s.f.DefaultMavenResourcesFiltering - skip non existing resourceDirectory C:\Users\merb0\OneDrive\Documents\Cibertec\4to ciclo\LENGUAJE DE PROGRAMACION II\T3\LPII_T3_RiosBenitesMario\src\test\resources
